<?xml version="1.0" encoding="UTF-8"?>
<testng-results ignored="0" total="1" passed="1" failed="0" skipped="0">
  <reporter-output>
  </reporter-output>
  <suite started-at="2022-01-02T15:43:17 EST" name="Default suite" finished-at="2022-01-02T15:43:27 EST" duration-ms="10580">
    <groups>
    </groups>
    <test started-at="2022-01-02T15:43:17 EST" name="Default test" finished-at="2022-01-02T15:43:27 EST" duration-ms="10580">
      <class name="KeywordDriven.Application">
        <test-method signature="verifyInvalidLogin()[pri:0, instance:KeywordDriven.Application@69fb6037]" started-at="2022-01-02T15:43:17 EST" name="verifyInvalidLogin" finished-at="2022-01-02T15:43:27 EST" duration-ms="10545" status="PASS">
          <reporter-output>
          </reporter-output>
        </test-method> <!-- verifyInvalidLogin -->
      </class> <!-- KeywordDriven.Application -->
    </test> <!-- Default test -->
  </suite> <!-- Default suite -->
</testng-results>
